<?xml version="1.0" encoding="UTF-8"?>
<testng-results ignored="0" total="1" passed="1" failed="0" skipped="0">
  <reporter-output>
  </reporter-output>
  <suite started-at="2022-11-04T18:19:43 IST" name="Suite" finished-at="2022-11-04T18:20:07 IST" duration-ms="24532">
    <groups>
    </groups>
    <test started-at="2022-11-04T18:19:43 IST" name="Test" finished-at="2022-11-04T18:20:07 IST" duration-ms="24532">
      <class name="testpack1.LoginTest">
        <test-method is-config="true" signature="beforeClass()[pri:0, instance:testpack1.LoginTest@3059cbc]" started-at="2022-11-04T18:19:43 IST" name="beforeClass" finished-at="2022-11-04T18:19:45 IST" duration-ms="2369" status="PASS">
          <reporter-output>
          </reporter-output>
        </test-method> <!-- beforeClass -->
        <test-method is-config="true" signature="beforeMethod()[pri:0, instance:testpack1.LoginTest@3059cbc]" started-at="2022-11-04T18:19:45 IST" name="beforeMethod" finished-at="2022-11-04T18:20:01 IST" duration-ms="16097" status="PASS">
          <reporter-output>
          </reporter-output>
        </test-method> <!-- beforeMethod -->
        <test-method signature="Test1()[pri:0, instance:testpack1.LoginTest@3059cbc]" started-at="2022-11-04T18:20:01 IST" name="Test1" finished-at="2022-11-04T18:20:01 IST" duration-ms="8" status="PASS">
          <reporter-output>
          </reporter-output>
        </test-method> <!-- Test1 -->
        <test-method is-config="true" signature="AfterMethod()[pri:0, instance:testpack1.LoginTest@3059cbc]" started-at="2022-11-04T18:20:01 IST" name="AfterMethod" finished-at="2022-11-04T18:20:07 IST" duration-ms="5804" status="PASS">
          <reporter-output>
          </reporter-output>
        </test-method> <!-- AfterMethod -->
        <test-method is-config="true" signature="afterClass()[pri:0, instance:testpack1.LoginTest@3059cbc]" started-at="2022-11-04T18:20:07 IST" name="afterClass" finished-at="2022-11-04T18:20:07 IST" duration-ms="213" status="PASS">
          <reporter-output>
          </reporter-output>
        </test-method> <!-- afterClass -->
      </class> <!-- testpack1.LoginTest -->
    </test> <!-- Test -->
  </suite> <!-- Suite -->
</testng-results>
